0 info it worked if it ends with ok
1 verbose cli [ 'C:\\Program Files\\nodejs\\node.exe',
1 verbose cli   'C:\\Program Files\\nodejs\\node_modules\\npm\\bin\\npm-cli.js',
1 verbose cli   'start' ]
2 info using npm@3.10.8
3 info using node@v6.9.1
4 verbose run-script [ 'prestart', 'start', 'poststart' ]
5 info lifecycle NodejsStarterApp@0.0.1~prestart: NodejsStarterApp@0.0.1
6 silly lifecycle NodejsStarterApp@0.0.1~prestart: no script for prestart, continuing
7 info lifecycle NodejsStarterApp@0.0.1~start: NodejsStarterApp@0.0.1
8 verbose lifecycle NodejsStarterApp@0.0.1~start: unsafe-perm in lifecycle true
9 verbose lifecycle NodejsStarterApp@0.0.1~start: PATH: C:\Program Files\nodejs\node_modules\npm\bin\node-gyp-bin;C:\AngNode2\nodeCloudant\node_modules\.bin;C:\ProgramData\Oracle\Java\javapath;C:\Windows\system32;C:\Windows;C:\Windows\System32\Wbem;C:\Windows\System32\WindowsPowerShell\v1.0\;C:\Program Files\WIDCOMM\Bluetooth Software\;C:\Program Files\WIDCOMM\Bluetooth Software\syswow64;C:\mjava\jdk1.7.0_45;C:\mjava\jre7\bin;C:\mjava\jdk1.6.0_15;C:\mjava\jre6\bin;C:\Program Files\Java\jdk1.7.0_67;C:\Program Files\Java\jre7\bin;%CATALINA_HOME%\bin;C:\tomcat\bin;C:\Program Files\MongoDB\Server\3.0\bin;C:\myallfile\json-simple-1.1.1.jar;C:\Program Files (x86)\Skype\Phone\;C:\Program Files\IBM\Bluemix\bin;C:\Program Files\Cloud Foundry;C:\Program Files\nodejs\;C:\Program Files\Git\cmd;C:\Users\Anda\AppData\Local\Code\bin;C:\Users\Anda\AppData\Roaming\npm
10 verbose lifecycle NodejsStarterApp@0.0.1~start: CWD: C:\AngNode2\nodeCloudant
11 silly lifecycle NodejsStarterApp@0.0.1~start: Args: [ '/d /s /c', 'node app.js' ]
12 silly lifecycle NodejsStarterApp@0.0.1~start: Returned: code: 1  signal: null
13 info lifecycle NodejsStarterApp@0.0.1~start: Failed to exec start script
14 verbose stack Error: NodejsStarterApp@0.0.1 start: `node app.js`
14 verbose stack Exit status 1
14 verbose stack     at EventEmitter.<anonymous> (C:\Program Files\nodejs\node_modules\npm\lib\utils\lifecycle.js:255:16)
14 verbose stack     at emitTwo (events.js:106:13)
14 verbose stack     at EventEmitter.emit (events.js:191:7)
14 verbose stack     at ChildProcess.<anonymous> (C:\Program Files\nodejs\node_modules\npm\lib\utils\spawn.js:40:14)
14 verbose stack     at emitTwo (events.js:106:13)
14 verbose stack     at ChildProcess.emit (events.js:191:7)
14 verbose stack     at maybeClose (internal/child_process.js:877:16)
14 verbose stack     at Process.ChildProcess._handle.onexit (internal/child_process.js:226:5)
15 verbose pkgid NodejsStarterApp@0.0.1
16 verbose cwd C:\AngNode2\nodeCloudant
17 error Windows_NT 6.1.7601
18 error argv "C:\\Program Files\\nodejs\\node.exe" "C:\\Program Files\\nodejs\\node_modules\\npm\\bin\\npm-cli.js" "start"
19 error node v6.9.1
20 error npm  v3.10.8
21 error code ELIFECYCLE
22 error NodejsStarterApp@0.0.1 start: `node app.js`
22 error Exit status 1
23 error Failed at the NodejsStarterApp@0.0.1 start script 'node app.js'.
23 error Make sure you have the latest version of node.js and npm installed.
23 error If you do, this is most likely a problem with the NodejsStarterApp package,
23 error not with npm itself.
23 error Tell the author that this fails on your system:
23 error     node app.js
23 error You can get information on how to open an issue for this project with:
23 error     npm bugs NodejsStarterApp
23 error Or if that isn't available, you can get their info via:
23 error     npm owner ls NodejsStarterApp
23 error There is likely additional logging output above.
24 verbose exit [ 1, true ]
